[2023-06-12 10:40:35,546] INFO [ControllerEventThread controllerId=1] Shutting down (kafka.controller.ControllerEventManager$ControllerEventThread)
[2023-06-12 10:40:35,547] INFO [ControllerEventThread controllerId=1] Stopped (kafka.controller.ControllerEventManager$ControllerEventThread)
[2023-06-12 10:40:35,547] INFO [ControllerEventThread controllerId=1] Shutdown completed (kafka.controller.ControllerEventManager$ControllerEventThread)
[2023-06-12 10:40:35,548] DEBUG [Controller id=1] Resigning (kafka.controller.KafkaController)
[2023-06-12 10:40:35,548] DEBUG [Controller id=1] Unregister BrokerModifications handler for Set() (kafka.controller.KafkaController)
[2023-06-12 10:40:35,549] INFO [PartitionStateMachine controllerId=1] Stopped partition state machine (kafka.controller.ZkPartitionStateMachine)
[2023-06-12 10:40:35,549] INFO [ReplicaStateMachine controllerId=1] Stopped replica state machine (kafka.controller.ZkReplicaStateMachine)
[2023-06-12 10:40:35,550] INFO [Controller id=1] Resigned (kafka.controller.KafkaController)
[2023-06-12 10:40:44,329] INFO [ControllerEventThread controllerId=0] Starting (kafka.controller.ControllerEventManager$ControllerEventThread)
[2023-06-12 10:40:44,343] INFO [Controller id=0] 0 successfully elected as the controller. Epoch incremented to 2 and epoch zk version is now 2 (kafka.controller.KafkaController)
[2023-06-12 10:40:44,345] INFO [Controller id=0] Registering handlers (kafka.controller.KafkaController)
[2023-06-12 10:40:44,349] INFO [Controller id=0] Deleting log dir event notifications (kafka.controller.KafkaController)
[2023-06-12 10:40:44,352] INFO [Controller id=0] Deleting isr change notifications (kafka.controller.KafkaController)
[2023-06-12 10:40:44,354] INFO [Controller id=0] Initializing controller context (kafka.controller.KafkaController)
[2023-06-12 10:40:44,365] INFO [Controller id=0] Initialized broker epochs cache: HashMap(0 -> 106) (kafka.controller.KafkaController)
[2023-06-12 10:40:44,376] DEBUG [Controller id=0] Register BrokerModifications handler for Set(0) (kafka.controller.KafkaController)
[2023-06-12 10:40:44,389] DEBUG [Channel manager on controller 0]: Controller 0 trying to connect to broker 0 (kafka.controller.ControllerChannelManager)
[2023-06-12 10:40:44,397] INFO [RequestSendThread controllerId=0] Starting (kafka.controller.RequestSendThread)
[2023-06-12 10:40:44,399] INFO [Controller id=0] Currently active brokers in the cluster: Set(0) (kafka.controller.KafkaController)
[2023-06-12 10:40:44,399] INFO [Controller id=0] Currently shutting brokers in the cluster: HashSet() (kafka.controller.KafkaController)
[2023-06-12 10:40:44,399] INFO [Controller id=0] Current list of topics in the cluster: HashSet(cars) (kafka.controller.KafkaController)
[2023-06-12 10:40:44,400] INFO [Controller id=0] Fetching topic deletions in progress (kafka.controller.KafkaController)
[2023-06-12 10:40:44,404] INFO [Controller id=0] List of topics to be deleted:  (kafka.controller.KafkaController)
[2023-06-12 10:40:44,404] INFO [Controller id=0] List of topics ineligible for deletion: cars (kafka.controller.KafkaController)
[2023-06-12 10:40:44,404] INFO [Controller id=0] Initializing topic deletion manager (kafka.controller.KafkaController)
[2023-06-12 10:40:44,405] INFO [Topic Deletion Manager 0] Initializing manager with initial deletions: Set(), initial ineligible deletions: HashSet(cars) (kafka.controller.TopicDeletionManager)
[2023-06-12 10:40:44,405] INFO [Controller id=0] Sending update metadata request (kafka.controller.KafkaController)
[2023-06-12 10:40:44,413] INFO [ReplicaStateMachine controllerId=0] Initializing replica state (kafka.controller.ZkReplicaStateMachine)
[2023-06-12 10:40:44,415] INFO [ReplicaStateMachine controllerId=0] Triggering online replica state changes (kafka.controller.ZkReplicaStateMachine)
[2023-06-12 10:40:44,418] INFO [RequestSendThread controllerId=0] Controller 0 connected to octinb26.bravo.local:9092 (id: 0 rack: null) for sending state change requests (kafka.controller.RequestSendThread)
[2023-06-12 10:40:44,424] INFO [ReplicaStateMachine controllerId=0] Triggering offline replica state changes (kafka.controller.ZkReplicaStateMachine)
[2023-06-12 10:40:44,448] DEBUG [ReplicaStateMachine controllerId=0] Started replica state machine with initial state -> HashMap([Topic=cars,Partition=1,Replica=0] -> OnlineReplica, [Topic=cars,Partition=3,Replica=1] -> OfflineReplica, [Topic=cars,Partition=4,Replica=0] -> OnlineReplica, [Topic=cars,Partition=0,Replica=1] -> OfflineReplica, [Topic=cars,Partition=2,Replica=2] -> OfflineReplica) (kafka.controller.ZkReplicaStateMachine)
[2023-06-12 10:40:44,448] INFO [PartitionStateMachine controllerId=0] Initializing partition state (kafka.controller.ZkPartitionStateMachine)
[2023-06-12 10:40:44,450] INFO [PartitionStateMachine controllerId=0] Triggering online partition state changes (kafka.controller.ZkPartitionStateMachine)
[2023-06-12 10:40:44,473] DEBUG [PartitionStateMachine controllerId=0] Started partition state machine with initial state -> HashMap(cars-2 -> OfflinePartition, cars-1 -> OnlinePartition, cars-4 -> OnlinePartition, cars-3 -> OfflinePartition, cars-0 -> OfflinePartition) (kafka.controller.ZkPartitionStateMachine)
[2023-06-12 10:40:44,473] INFO [Controller id=0] Ready to serve as the new controller with epoch 2 (kafka.controller.KafkaController)
[2023-06-12 10:40:44,477] INFO [Controller id=0] Partitions undergoing preferred replica election:  (kafka.controller.KafkaController)
[2023-06-12 10:40:44,477] INFO [Controller id=0] Partitions that completed preferred replica election:  (kafka.controller.KafkaController)
[2023-06-12 10:40:44,477] INFO [Controller id=0] Skipping preferred replica election for partitions due to topic deletion:  (kafka.controller.KafkaController)
[2023-06-12 10:40:44,478] INFO [Controller id=0] Resuming preferred replica election for partitions:  (kafka.controller.KafkaController)
[2023-06-12 10:40:44,478] INFO [Controller id=0] Starting replica leader election (PREFERRED) for partitions  triggered by ZkTriggered (kafka.controller.KafkaController)
[2023-06-12 10:40:44,488] INFO [Controller id=0] Starting the controller scheduler (kafka.controller.KafkaController)
[2023-06-12 10:40:48,308] INFO [Controller id=0] Newly added brokers: 1, deleted brokers: , bounced brokers: , all live brokers: 0,1 (kafka.controller.KafkaController)
[2023-06-12 10:40:48,308] DEBUG [Channel manager on controller 0]: Controller 0 trying to connect to broker 1 (kafka.controller.ControllerChannelManager)
[2023-06-12 10:40:48,310] INFO [RequestSendThread controllerId=0] Starting (kafka.controller.RequestSendThread)
[2023-06-12 10:40:48,311] INFO [Controller id=0] New broker startup callback for 1 (kafka.controller.KafkaController)
[2023-06-12 10:40:48,314] INFO [RequestSendThread controllerId=0] Controller 0 connected to octinb26.bravo.local:9093 (id: 1 rack: null) for sending state change requests (kafka.controller.RequestSendThread)
[2023-06-12 10:40:48,329] DEBUG [Controller id=0] Register BrokerModifications handler for List(1) (kafka.controller.KafkaController)
[2023-06-12 10:40:48,331] INFO [Controller id=0] Updated broker epochs cache: HashMap(0 -> 106, 1 -> 127) (kafka.controller.KafkaController)
[2023-06-12 10:40:48,350] INFO [ControllerEventThread controllerId=1] Starting (kafka.controller.ControllerEventManager$ControllerEventThread)
[2023-06-12 10:40:48,359] DEBUG [Controller id=1] Broker 0 has been elected as the controller, so stopping the election process. (kafka.controller.KafkaController)
[2023-06-12 10:40:49,491] INFO [Controller id=0] Processing automatic preferred replica leader election (kafka.controller.KafkaController)
[2023-06-12 10:40:49,492] TRACE [Controller id=0] Checking need to trigger auto leader balancing (kafka.controller.KafkaController)
[2023-06-12 10:40:49,496] DEBUG [Controller id=0] Topics not in preferred replica for broker 0 HashMap() (kafka.controller.KafkaController)
[2023-06-12 10:40:49,497] TRACE [Controller id=0] Leader imbalance ratio for broker 0 is 0.0 (kafka.controller.KafkaController)
[2023-06-12 10:40:49,497] DEBUG [Controller id=0] Topics not in preferred replica for broker 1 HashMap() (kafka.controller.KafkaController)
[2023-06-12 10:40:49,497] TRACE [Controller id=0] Leader imbalance ratio for broker 1 is 0.0 (kafka.controller.KafkaController)
[2023-06-12 10:40:49,497] DEBUG [Controller id=0] Topics not in preferred replica for broker 2 HashMap(cars-2 -> List(2)) (kafka.controller.KafkaController)
[2023-06-12 10:40:49,497] TRACE [Controller id=0] Leader imbalance ratio for broker 2 is 1.0 (kafka.controller.KafkaController)
[2023-06-12 10:40:49,499] INFO [Controller id=0] Starting replica leader election (PREFERRED) for partitions  triggered by AutoTriggered (kafka.controller.KafkaController)
[2023-06-12 10:40:51,809] INFO [Controller id=0] Newly added brokers: 2, deleted brokers: , bounced brokers: , all live brokers: 0,1,2 (kafka.controller.KafkaController)
[2023-06-12 10:40:51,809] DEBUG [Channel manager on controller 0]: Controller 0 trying to connect to broker 2 (kafka.controller.ControllerChannelManager)
[2023-06-12 10:40:51,812] INFO [RequestSendThread controllerId=0] Starting (kafka.controller.RequestSendThread)
[2023-06-12 10:40:51,812] INFO [Controller id=0] New broker startup callback for 2 (kafka.controller.KafkaController)
[2023-06-12 10:40:51,814] INFO [RequestSendThread controllerId=0] Controller 0 connected to octinb26.bravo.local:9094 (id: 2 rack: null) for sending state change requests (kafka.controller.RequestSendThread)
[2023-06-12 10:40:51,819] DEBUG [Controller id=0] Register BrokerModifications handler for List(2) (kafka.controller.KafkaController)
[2023-06-12 10:40:51,820] INFO [Controller id=0] Updated broker epochs cache: HashMap(0 -> 106, 1 -> 127, 2 -> 145) (kafka.controller.KafkaController)
[2023-06-12 10:40:51,843] INFO [ControllerEventThread controllerId=2] Starting (kafka.controller.ControllerEventManager$ControllerEventThread)
[2023-06-12 10:40:51,851] DEBUG [Controller id=2] Broker 0 has been elected as the controller, so stopping the election process. (kafka.controller.KafkaController)
[2023-06-12 10:45:00,011] DEBUG [Controller id=0] There is no producerId block yet (Zk path version 0), creating the first block (kafka.controller.KafkaController)
[2023-06-12 10:45:00,015] INFO [Controller id=0] Acquired new producerId block ProducerIdsBlock(assignedBrokerId=0, firstProducerId=0, size=1000) by writing to Zk with path version 1 (kafka.controller.KafkaController)
[2023-06-12 10:45:49,499] INFO [Controller id=0] Processing automatic preferred replica leader election (kafka.controller.KafkaController)
[2023-06-12 10:45:49,499] TRACE [Controller id=0] Checking need to trigger auto leader balancing (kafka.controller.KafkaController)
[2023-06-12 10:45:49,500] DEBUG [Controller id=0] Topics not in preferred replica for broker 0 HashMap() (kafka.controller.KafkaController)
[2023-06-12 10:45:49,500] TRACE [Controller id=0] Leader imbalance ratio for broker 0 is 0.0 (kafka.controller.KafkaController)
[2023-06-12 10:45:49,500] DEBUG [Controller id=0] Topics not in preferred replica for broker 1 HashMap() (kafka.controller.KafkaController)
[2023-06-12 10:45:49,500] TRACE [Controller id=0] Leader imbalance ratio for broker 1 is 0.0 (kafka.controller.KafkaController)
[2023-06-12 10:45:49,500] DEBUG [Controller id=0] Topics not in preferred replica for broker 2 HashMap() (kafka.controller.KafkaController)
[2023-06-12 10:45:49,500] TRACE [Controller id=0] Leader imbalance ratio for broker 2 is 0.0 (kafka.controller.KafkaController)
[2023-06-12 10:50:22,033] INFO [Controller id=0] New topics: [Set(__consumer_offsets)], deleted topics: [HashSet()], new partition replica assignment [Set(TopicIdReplicaAssignment(__consumer_offsets,Some(Sh5iPwz4RGWSs9ldg2S-OA),HashMap(__consumer_offsets-22 -> ReplicaAssignment(replicas=2, addingReplicas=, removingReplicas=), __consumer_offsets-30 -> ReplicaAssignment(replicas=0, addingReplicas=, removingReplicas=), __consumer_offsets-25 -> ReplicaAssignment(replicas=2, addingReplicas=, removingReplicas=), __consumer_offsets-35 -> ReplicaAssignment(replicas=1, addingReplicas=, removingReplicas=), __consumer_offsets-37 -> ReplicaAssignment(replicas=2, addingReplicas=, removingReplicas=), __consumer_offsets-38 -> ReplicaAssignment(replicas=1, addingReplicas=, removingReplicas=), __consumer_offsets-13 -> ReplicaAssignment(replicas=2, addingReplicas=, removingReplicas=), __consumer_offsets-8 -> ReplicaAssignment(replicas=1, addingReplicas=, removingReplicas=), __consumer_offsets-21 -> ReplicaAssignment(replicas=0, addingReplicas=, removingReplicas=), __consumer_offsets-4 -> ReplicaAssignment(replicas=2, addingReplicas=, removingReplicas=), __consumer_offsets-27 -> ReplicaAssignment(replicas=0, addingReplicas=, removingReplicas=), __consumer_offsets-7 -> ReplicaAssignment(replicas=2, addingReplicas=, removingReplicas=), __consumer_offsets-9 -> ReplicaAssignment(replicas=0, addingReplicas=, removingReplicas=), __consumer_offsets-46 -> ReplicaAssignment(replicas=2, addingReplicas=, removingReplicas=), __consumer_offsets-41 -> ReplicaAssignment(replicas=1, addingReplicas=, removingReplicas=), __consumer_offsets-33 -> ReplicaAssignment(replicas=0, addingReplicas=, removingReplicas=), __consumer_offsets-23 -> ReplicaAssignment(replicas=1, addingReplicas=, removingReplicas=), __consumer_offsets-49 -> ReplicaAssignment(replicas=2, addingReplicas=, removingReplicas=), __consumer_offsets-47 -> ReplicaAssignment(replicas=1, addingReplicas=, removingReplicas=), __consumer_offsets-16 -> ReplicaAssignment(replicas=2, addingReplicas=, removingReplicas=), __consumer_offsets-28 -> ReplicaAssignment(replicas=2, addingReplicas=, removingReplicas=), __consumer_offsets-31 -> ReplicaAssignment(replicas=2, addingReplicas=, removingReplicas=), __consumer_offsets-36 -> ReplicaAssignment(replicas=0, addingReplicas=, removingReplicas=), __consumer_offsets-42 -> ReplicaAssignment(replicas=0, addingReplicas=, removingReplicas=), __consumer_offsets-3 -> ReplicaAssignment(replicas=0, addingReplicas=, removingReplicas=), __consumer_offsets-18 -> ReplicaAssignment(replicas=0, addingReplicas=, removingReplicas=), __consumer_offsets-15 -> ReplicaAssignment(replicas=0, addingReplicas=, removingReplicas=), __consumer_offsets-24 -> ReplicaAssignment(replicas=0, addingReplicas=, removingReplicas=), __consumer_offsets-17 -> ReplicaAssignment(replicas=1, addingReplicas=, removingReplicas=), __consumer_offsets-48 -> ReplicaAssignment(replicas=0, addingReplicas=, removingReplicas=), __consumer_offsets-19 -> ReplicaAssignment(replicas=2, addingReplicas=, removingReplicas=), __consumer_offsets-11 -> ReplicaAssignment(replicas=1, addingReplicas=, removingReplicas=), __consumer_offsets-2 -> ReplicaAssignment(replicas=1, addingReplicas=, removingReplicas=), __consumer_offsets-43 -> ReplicaAssignment(replicas=2, addingReplicas=, removingReplicas=), __consumer_offsets-6 -> ReplicaAssignment(replicas=0, addingReplicas=, removingReplicas=), __consumer_offsets-14 -> ReplicaAssignment(replicas=1, addingReplicas=, removingReplicas=), __consumer_offsets-20 -> ReplicaAssignment(replicas=1, addingReplicas=, removingReplicas=), __consumer_offsets-0 -> ReplicaAssignment(replicas=0, addingReplicas=, removingReplicas=), __consumer_offsets-44 -> ReplicaAssignment(replicas=1, addingReplicas=, removingReplicas=), __consumer_offsets-39 -> ReplicaAssignment(replicas=0, addingReplicas=, removingReplicas=), __consumer_offsets-12 -> ReplicaAssignment(replicas=0, addingReplicas=, removingReplicas=), __consumer_offsets-45 -> ReplicaAssignment(replicas=0, addingReplicas=, removingReplicas=), __consumer_offsets-1 -> ReplicaAssignment(replicas=2, addingReplicas=, removingReplicas=), __consumer_offsets-5 -> ReplicaAssignment(replicas=1, addingReplicas=, removingReplicas=), __consumer_offsets-26 -> ReplicaAssignment(replicas=1, addingReplicas=, removingReplicas=), __consumer_offsets-29 -> ReplicaAssignment(replicas=1, addingReplicas=, removingReplicas=), __consumer_offsets-34 -> ReplicaAssignment(replicas=2, addingReplicas=, removingReplicas=), __consumer_offsets-10 -> ReplicaAssignment(replicas=2, addingReplicas=, removingReplicas=), __consumer_offsets-32 -> ReplicaAssignment(replicas=1, addingReplicas=, removingReplicas=), __consumer_offsets-40 -> ReplicaAssignment(replicas=2, addingReplicas=, removingReplicas=))))] (kafka.controller.KafkaController)
[2023-06-12 10:50:22,034] INFO [Controller id=0] New partition creation callback for __consumer_offsets-22,__consumer_offsets-30,__consumer_offsets-25,__consumer_offsets-35,__consumer_offsets-37,__consumer_offsets-38,__consumer_offsets-13,__consumer_offsets-8,__consumer_offsets-21,__consumer_offsets-4,__consumer_offsets-27,__consumer_offsets-7,__consumer_offsets-9,__consumer_offsets-46,__consumer_offsets-41,__consumer_offsets-33,__consumer_offsets-23,__consumer_offsets-49,__consumer_offsets-47,__consumer_offsets-16,__consumer_offsets-28,__consumer_offsets-31,__consumer_offsets-36,__consumer_offsets-42,__consumer_offsets-3,__consumer_offsets-18,__consumer_offsets-15,__consumer_offsets-24,__consumer_offsets-17,__consumer_offsets-48,__consumer_offsets-19,__consumer_offsets-11,__consumer_offsets-2,__consumer_offsets-43,__consumer_offsets-6,__consumer_offsets-14,__consumer_offsets-20,__consumer_offsets-0,__consumer_offsets-44,__consumer_offsets-39,__consumer_offsets-12,__consumer_offsets-45,__consumer_offsets-1,__consumer_offsets-5,__consumer_offsets-26,__consumer_offsets-29,__consumer_offsets-34,__consumer_offsets-10,__consumer_offsets-32,__consumer_offsets-40 (kafka.controller.KafkaController)
[2023-06-12 10:50:49,500] INFO [Controller id=0] Processing automatic preferred replica leader election (kafka.controller.KafkaController)
[2023-06-12 10:50:49,501] TRACE [Controller id=0] Checking need to trigger auto leader balancing (kafka.controller.KafkaController)
[2023-06-12 10:50:49,505] DEBUG [Controller id=0] Topics not in preferred replica for broker 0 HashMap() (kafka.controller.KafkaController)
[2023-06-12 10:50:49,505] TRACE [Controller id=0] Leader imbalance ratio for broker 0 is 0.0 (kafka.controller.KafkaController)
[2023-06-12 10:50:49,506] DEBUG [Controller id=0] Topics not in preferred replica for broker 1 HashMap() (kafka.controller.KafkaController)
[2023-06-12 10:50:49,506] TRACE [Controller id=0] Leader imbalance ratio for broker 1 is 0.0 (kafka.controller.KafkaController)
[2023-06-12 10:50:49,506] DEBUG [Controller id=0] Topics not in preferred replica for broker 2 HashMap() (kafka.controller.KafkaController)
[2023-06-12 10:50:49,506] TRACE [Controller id=0] Leader imbalance ratio for broker 2 is 0.0 (kafka.controller.KafkaController)
[2023-06-12 10:51:04,844] INFO [Controller id=0] Shutting down broker 1 (kafka.controller.KafkaController)
[2023-06-12 10:51:04,844] DEBUG [Controller id=0] All shutting down brokers: 1 (kafka.controller.KafkaController)
[2023-06-12 10:51:04,845] DEBUG [Controller id=0] Live brokers: 0,2 (kafka.controller.KafkaController)
[2023-06-12 10:51:04,846] TRACE [Controller id=0] All leaders = __consumer_offsets-13 -> (Leader:2,ISR:2,LeaderRecoveryState:RECOVERED,LeaderEpoch:0,ZkVersion:0,ControllerEpoch:2),__consumer_offsets-46 -> (Leader:2,ISR:2,LeaderRecoveryState:RECOVERED,LeaderEpoch:0,ZkVersion:0,ControllerEpoch:2),__consumer_offsets-9 -> (Leader:0,ISR:0,LeaderRecoveryState:RECOVERED,LeaderEpoch:0,ZkVersion:0,ControllerEpoch:2),__consumer_offsets-42 -> (Leader:0,ISR:0,LeaderRecoveryState:RECOVERED,LeaderEpoch:0,ZkVersion:0,ControllerEpoch:2),__consumer_offsets-21 -> (Leader:0,ISR:0,LeaderRecoveryState:RECOVERED,LeaderEpoch:0,ZkVersion:0,ControllerEpoch:2),__consumer_offsets-17 -> (Leader:1,ISR:1,LeaderRecoveryState:RECOVERED,LeaderEpoch:0,ZkVersion:0,ControllerEpoch:2),__consumer_offsets-30 -> (Leader:0,ISR:0,LeaderRecoveryState:RECOVERED,LeaderEpoch:0,ZkVersion:0,ControllerEpoch:2),cars-3 -> (Leader:1,ISR:1,LeaderRecoveryState:RECOVERED,LeaderEpoch:3,ZkVersion:3,ControllerEpoch:2),__consumer_offsets-26 -> (Leader:1,ISR:1,LeaderRecoveryState:RECOVERED,LeaderEpoch:0,ZkVersion:0,ControllerEpoch:2),__consumer_offsets-5 -> (Leader:1,ISR:1,LeaderRecoveryState:RECOVERED,LeaderEpoch:0,ZkVersion:0,ControllerEpoch:2),__consumer_offsets-38 -> (Leader:1,ISR:1,LeaderRecoveryState:RECOVERED,LeaderEpoch:0,ZkVersion:0,ControllerEpoch:2),__consumer_offsets-1 -> (Leader:2,ISR:2,LeaderRecoveryState:RECOVERED,LeaderEpoch:0,ZkVersion:0,ControllerEpoch:2),__consumer_offsets-34 -> (Leader:2,ISR:2,LeaderRecoveryState:RECOVERED,LeaderEpoch:0,ZkVersion:0,ControllerEpoch:2),__consumer_offsets-16 -> (Leader:2,ISR:2,LeaderRecoveryState:RECOVERED,LeaderEpoch:0,ZkVersion:0,ControllerEpoch:2),__consumer_offsets-45 -> (Leader:0,ISR:0,LeaderRecoveryState:RECOVERED,LeaderEpoch:0,ZkVersion:0,ControllerEpoch:2),__consumer_offsets-12 -> (Leader:0,ISR:0,LeaderRecoveryState:RECOVERED,LeaderEpoch:0,ZkVersion:0,ControllerEpoch:2),__consumer_offsets-41 -> (Leader:1,ISR:1,LeaderRecoveryState:RECOVERED,LeaderEpoch:0,ZkVersion:0,ControllerEpoch:2),__consumer_offsets-24 -> (Leader:0,ISR:0,LeaderRecoveryState:RECOVERED,LeaderEpoch:0,ZkVersion:0,ControllerEpoch:2),__consumer_offsets-20 -> (Leader:1,ISR:1,LeaderRecoveryState:RECOVERED,LeaderEpoch:0,ZkVersion:0,ControllerEpoch:2),__consumer_offsets-49 -> (Leader:2,ISR:2,LeaderRecoveryState:RECOVERED,LeaderEpoch:0,ZkVersion:0,ControllerEpoch:2),cars-2 -> (Leader:2,ISR:2,LeaderRecoveryState:RECOVERED,LeaderEpoch:2,ZkVersion:2,ControllerEpoch:2),__consumer_offsets-0 -> (Leader:0,ISR:0,LeaderRecoveryState:RECOVERED,LeaderEpoch:0,ZkVersion:0,ControllerEpoch:2),__consumer_offsets-29 -> (Leader:1,ISR:1,LeaderRecoveryState:RECOVERED,LeaderEpoch:0,ZkVersion:0,ControllerEpoch:2),__consumer_offsets-25 -> (Leader:2,ISR:2,LeaderRecoveryState:RECOVERED,LeaderEpoch:0,ZkVersion:0,ControllerEpoch:2),__consumer_offsets-8 -> (Leader:1,ISR:1,LeaderRecoveryState:RECOVERED,LeaderEpoch:0,ZkVersion:0,ControllerEpoch:2),__consumer_offsets-37 -> (Leader:2,ISR:2,LeaderRecoveryState:RECOVERED,LeaderEpoch:0,ZkVersion:0,ControllerEpoch:2),__consumer_offsets-4 -> (Leader:2,ISR:2,LeaderRecoveryState:RECOVERED,LeaderEpoch:0,ZkVersion:0,ControllerEpoch:2),__consumer_offsets-33 -> (Leader:0,ISR:0,LeaderRecoveryState:RECOVERED,LeaderEpoch:0,ZkVersion:0,ControllerEpoch:2),__consumer_offsets-15 -> (Leader:0,ISR:0,LeaderRecoveryState:RECOVERED,LeaderEpoch:0,ZkVersion:0,ControllerEpoch:2),__consumer_offsets-48 -> (Leader:0,ISR:0,LeaderRecoveryState:RECOVERED,LeaderEpoch:0,ZkVersion:0,ControllerEpoch:2),__consumer_offsets-11 -> (Leader:1,ISR:1,LeaderRecoveryState:RECOVERED,LeaderEpoch:0,ZkVersion:0,ControllerEpoch:2),__consumer_offsets-44 -> (Leader:1,ISR:1,LeaderRecoveryState:RECOVERED,LeaderEpoch:0,ZkVersion:0,ControllerEpoch:2),__consumer_offsets-23 -> (Leader:1,ISR:1,LeaderRecoveryState:RECOVERED,LeaderEpoch:0,ZkVersion:0,ControllerEpoch:2),__consumer_offsets-19 -> (Leader:2,ISR:2,LeaderRecoveryState:RECOVERED,LeaderEpoch:0,ZkVersion:0,ControllerEpoch:2),cars-0 -> (Leader:1,ISR:1,LeaderRecoveryState:RECOVERED,LeaderEpoch:3,ZkVersion:3,ControllerEpoch:2),__consumer_offsets-32 -> (Leader:1,ISR:1,LeaderRecoveryState:RECOVERED,LeaderEpoch:0,ZkVersion:0,ControllerEpoch:2),cars-1 -> (Leader:0,ISR:0,LeaderRecoveryState:RECOVERED,LeaderEpoch:0,ZkVersion:0,ControllerEpoch:1),__consumer_offsets-28 -> (Leader:2,ISR:2,LeaderRecoveryState:RECOVERED,LeaderEpoch:0,ZkVersion:0,ControllerEpoch:2),__consumer_offsets-7 -> (Leader:2,ISR:2,LeaderRecoveryState:RECOVERED,LeaderEpoch:0,ZkVersion:0,ControllerEpoch:2),__consumer_offsets-40 -> (Leader:2,ISR:2,LeaderRecoveryState:RECOVERED,LeaderEpoch:0,ZkVersion:0,ControllerEpoch:2),__consumer_offsets-3 -> (Leader:0,ISR:0,LeaderRecoveryState:RECOVERED,LeaderEpoch:0,ZkVersion:0,ControllerEpoch:2),__consumer_offsets-36 -> (Leader:0,ISR:0,LeaderRecoveryState:RECOVERED,LeaderEpoch:0,ZkVersion:0,ControllerEpoch:2),__consumer_offsets-47 -> (Leader:1,ISR:1,LeaderRecoveryState:RECOVERED,LeaderEpoch:0,ZkVersion:0,ControllerEpoch:2),__consumer_offsets-14 -> (Leader:1,ISR:1,LeaderRecoveryState:RECOVERED,LeaderEpoch:0,ZkVersion:0,ControllerEpoch:2),__consumer_offsets-43 -> (Leader:2,ISR:2,LeaderRecoveryState:RECOVERED,LeaderEpoch:0,ZkVersion:0,ControllerEpoch:2),__consumer_offsets-10 -> (Leader:2,ISR:2,LeaderRecoveryState:RECOVERED,LeaderEpoch:0,ZkVersion:0,ControllerEpoch:2),__consumer_offsets-22 -> (Leader:2,ISR:2,LeaderRecoveryState:RECOVERED,LeaderEpoch:0,ZkVersion:0,ControllerEpoch:2),__consumer_offsets-18 -> (Leader:0,ISR:0,LeaderRecoveryState:RECOVERED,LeaderEpoch:0,ZkVersion:0,ControllerEpoch:2),__consumer_offsets-31 -> (Leader:2,ISR:2,LeaderRecoveryState:RECOVERED,LeaderEpoch:0,ZkVersion:0,ControllerEpoch:2),cars-4 -> (Leader:0,ISR:0,LeaderRecoveryState:RECOVERED,LeaderEpoch:0,ZkVersion:0,ControllerEpoch:1),__consumer_offsets-27 -> (Leader:0,ISR:0,LeaderRecoveryState:RECOVERED,LeaderEpoch:0,ZkVersion:0,ControllerEpoch:2),__consumer_offsets-39 -> (Leader:0,ISR:0,LeaderRecoveryState:RECOVERED,LeaderEpoch:0,ZkVersion:0,ControllerEpoch:2),__consumer_offsets-6 -> (Leader:0,ISR:0,LeaderRecoveryState:RECOVERED,LeaderEpoch:0,ZkVersion:0,ControllerEpoch:2),__consumer_offsets-35 -> (Leader:1,ISR:1,LeaderRecoveryState:RECOVERED,LeaderEpoch:0,ZkVersion:0,ControllerEpoch:2),__consumer_offsets-2 -> (Leader:1,ISR:1,LeaderRecoveryState:RECOVERED,LeaderEpoch:0,ZkVersion:0,ControllerEpoch:2) (kafka.controller.KafkaController)
[2023-06-12 10:51:05,070] INFO [ControllerEventThread controllerId=1] Shutting down (kafka.controller.ControllerEventManager$ControllerEventThread)
[2023-06-12 10:51:05,072] INFO [ControllerEventThread controllerId=1] Shutdown completed (kafka.controller.ControllerEventManager$ControllerEventThread)
[2023-06-12 10:51:05,072] INFO [ControllerEventThread controllerId=1] Stopped (kafka.controller.ControllerEventManager$ControllerEventThread)
[2023-06-12 10:51:05,074] DEBUG [Controller id=1] Resigning (kafka.controller.KafkaController)
[2023-06-12 10:51:05,074] DEBUG [Controller id=1] Unregister BrokerModifications handler for Set() (kafka.controller.KafkaController)
[2023-06-12 10:51:05,076] INFO [PartitionStateMachine controllerId=1] Stopped partition state machine (kafka.controller.ZkPartitionStateMachine)
[2023-06-12 10:51:05,077] INFO [ReplicaStateMachine controllerId=1] Stopped replica state machine (kafka.controller.ZkReplicaStateMachine)
[2023-06-12 10:51:05,079] INFO [Controller id=1] Resigned (kafka.controller.KafkaController)
[2023-06-12 10:51:05,090] INFO [Controller id=0] Newly added brokers: , deleted brokers: 1, bounced brokers: , all live brokers: 0,2 (kafka.controller.KafkaController)
[2023-06-12 10:51:05,092] INFO [RequestSendThread controllerId=0] Shutting down (kafka.controller.RequestSendThread)
[2023-06-12 10:51:05,092] INFO [RequestSendThread controllerId=0] Stopped (kafka.controller.RequestSendThread)
[2023-06-12 10:51:05,092] INFO [RequestSendThread controllerId=0] Shutdown completed (kafka.controller.RequestSendThread)
[2023-06-12 10:51:05,097] INFO [Controller id=0] Broker failure callback for 1 (kafka.controller.KafkaController)
[2023-06-12 10:51:05,097] INFO [Controller id=0] Removed 1 from list of shutting down brokers. (kafka.controller.KafkaController)
[2023-06-12 10:51:05,125] DEBUG [Controller id=0] Unregister BrokerModifications handler for List(1) (kafka.controller.KafkaController)
[2023-06-12 10:51:05,125] INFO [Controller id=0] Updated broker epochs cache: HashMap(0 -> 106, 2 -> 145) (kafka.controller.KafkaController)
[2023-06-12 10:52:51,724] INFO [Controller id=0] Newly added brokers: 1, deleted brokers: , bounced brokers: , all live brokers: 0,1,2 (kafka.controller.KafkaController)
[2023-06-12 10:52:51,724] DEBUG [Channel manager on controller 0]: Controller 0 trying to connect to broker 1 (kafka.controller.ControllerChannelManager)
[2023-06-12 10:52:51,726] INFO [RequestSendThread controllerId=0] Starting (kafka.controller.RequestSendThread)
[2023-06-12 10:52:51,726] INFO [Controller id=0] New broker startup callback for 1 (kafka.controller.KafkaController)
[2023-06-12 10:52:51,731] INFO [RequestSendThread controllerId=0] Controller 0 connected to octinb26.bravo.local:9093 (id: 1 rack: null) for sending state change requests (kafka.controller.RequestSendThread)
[2023-06-12 10:52:51,747] DEBUG [Controller id=0] Register BrokerModifications handler for List(1) (kafka.controller.KafkaController)
[2023-06-12 10:52:51,747] INFO [Controller id=0] Updated broker epochs cache: HashMap(0 -> 106, 1 -> 286, 2 -> 145) (kafka.controller.KafkaController)
[2023-06-12 10:52:51,763] INFO [ControllerEventThread controllerId=1] Starting (kafka.controller.ControllerEventManager$ControllerEventThread)
[2023-06-12 10:52:51,772] DEBUG [Controller id=1] Broker 0 has been elected as the controller, so stopping the election process. (kafka.controller.KafkaController)
[2023-06-12 10:53:01,175] INFO [Controller id=0] Shutting down broker 2 (kafka.controller.KafkaController)
[2023-06-12 10:53:01,175] DEBUG [Controller id=0] All shutting down brokers: 2 (kafka.controller.KafkaController)
[2023-06-12 10:53:01,175] DEBUG [Controller id=0] Live brokers: 0,1 (kafka.controller.KafkaController)
[2023-06-12 10:53:01,176] TRACE [Controller id=0] All leaders = __consumer_offsets-13 -> (Leader:2,ISR:2,LeaderRecoveryState:RECOVERED,LeaderEpoch:0,ZkVersion:0,ControllerEpoch:2),__consumer_offsets-46 -> (Leader:2,ISR:2,LeaderRecoveryState:RECOVERED,LeaderEpoch:0,ZkVersion:0,ControllerEpoch:2),__consumer_offsets-9 -> (Leader:0,ISR:0,LeaderRecoveryState:RECOVERED,LeaderEpoch:0,ZkVersion:0,ControllerEpoch:2),__consumer_offsets-42 -> (Leader:0,ISR:0,LeaderRecoveryState:RECOVERED,LeaderEpoch:0,ZkVersion:0,ControllerEpoch:2),__consumer_offsets-21 -> (Leader:0,ISR:0,LeaderRecoveryState:RECOVERED,LeaderEpoch:0,ZkVersion:0,ControllerEpoch:2),__consumer_offsets-17 -> (Leader:1,ISR:1,LeaderRecoveryState:RECOVERED,LeaderEpoch:2,ZkVersion:2,ControllerEpoch:2),__consumer_offsets-30 -> (Leader:0,ISR:0,LeaderRecoveryState:RECOVERED,LeaderEpoch:0,ZkVersion:0,ControllerEpoch:2),cars-3 -> (Leader:1,ISR:1,LeaderRecoveryState:RECOVERED,LeaderEpoch:5,ZkVersion:5,ControllerEpoch:2),__consumer_offsets-26 -> (Leader:1,ISR:1,LeaderRecoveryState:RECOVERED,LeaderEpoch:2,ZkVersion:2,ControllerEpoch:2),__consumer_offsets-5 -> (Leader:1,ISR:1,LeaderRecoveryState:RECOVERED,LeaderEpoch:2,ZkVersion:2,ControllerEpoch:2),__consumer_offsets-38 -> (Leader:1,ISR:1,LeaderRecoveryState:RECOVERED,LeaderEpoch:2,ZkVersion:2,ControllerEpoch:2),__consumer_offsets-1 -> (Leader:2,ISR:2,LeaderRecoveryState:RECOVERED,LeaderEpoch:0,ZkVersion:0,ControllerEpoch:2),__consumer_offsets-34 -> (Leader:2,ISR:2,LeaderRecoveryState:RECOVERED,LeaderEpoch:0,ZkVersion:0,ControllerEpoch:2),__consumer_offsets-16 -> (Leader:2,ISR:2,LeaderRecoveryState:RECOVERED,LeaderEpoch:0,ZkVersion:0,ControllerEpoch:2),__consumer_offsets-45 -> (Leader:0,ISR:0,LeaderRecoveryState:RECOVERED,LeaderEpoch:0,ZkVersion:0,ControllerEpoch:2),__consumer_offsets-12 -> (Leader:0,ISR:0,LeaderRecoveryState:RECOVERED,LeaderEpoch:0,ZkVersion:0,ControllerEpoch:2),__consumer_offsets-41 -> (Leader:1,ISR:1,LeaderRecoveryState:RECOVERED,LeaderEpoch:2,ZkVersion:2,ControllerEpoch:2),__consumer_offsets-24 -> (Leader:0,ISR:0,LeaderRecoveryState:RECOVERED,LeaderEpoch:0,ZkVersion:0,ControllerEpoch:2),__consumer_offsets-20 -> (Leader:1,ISR:1,LeaderRecoveryState:RECOVERED,LeaderEpoch:2,ZkVersion:2,ControllerEpoch:2),__consumer_offsets-49 -> (Leader:2,ISR:2,LeaderRecoveryState:RECOVERED,LeaderEpoch:0,ZkVersion:0,ControllerEpoch:2),cars-2 -> (Leader:2,ISR:2,LeaderRecoveryState:RECOVERED,LeaderEpoch:2,ZkVersion:2,ControllerEpoch:2),__consumer_offsets-0 -> (Leader:0,ISR:0,LeaderRecoveryState:RECOVERED,LeaderEpoch:0,ZkVersion:0,ControllerEpoch:2),__consumer_offsets-29 -> (Leader:1,ISR:1,LeaderRecoveryState:RECOVERED,LeaderEpoch:2,ZkVersion:2,ControllerEpoch:2),__consumer_offsets-25 -> (Leader:2,ISR:2,LeaderRecoveryState:RECOVERED,LeaderEpoch:0,ZkVersion:0,ControllerEpoch:2),__consumer_offsets-8 -> (Leader:1,ISR:1,LeaderRecoveryState:RECOVERED,LeaderEpoch:2,ZkVersion:2,ControllerEpoch:2),__consumer_offsets-37 -> (Leader:2,ISR:2,LeaderRecoveryState:RECOVERED,LeaderEpoch:0,ZkVersion:0,ControllerEpoch:2),__consumer_offsets-4 -> (Leader:2,ISR:2,LeaderRecoveryState:RECOVERED,LeaderEpoch:0,ZkVersion:0,ControllerEpoch:2),__consumer_offsets-33 -> (Leader:0,ISR:0,LeaderRecoveryState:RECOVERED,LeaderEpoch:0,ZkVersion:0,ControllerEpoch:2),__consumer_offsets-15 -> (Leader:0,ISR:0,LeaderRecoveryState:RECOVERED,LeaderEpoch:0,ZkVersion:0,ControllerEpoch:2),__consumer_offsets-48 -> (Leader:0,ISR:0,LeaderRecoveryState:RECOVERED,LeaderEpoch:0,ZkVersion:0,ControllerEpoch:2),__consumer_offsets-11 -> (Leader:1,ISR:1,LeaderRecoveryState:RECOVERED,LeaderEpoch:2,ZkVersion:2,ControllerEpoch:2),__consumer_offsets-44 -> (Leader:1,ISR:1,LeaderRecoveryState:RECOVERED,LeaderEpoch:2,ZkVersion:2,ControllerEpoch:2),__consumer_offsets-23 -> (Leader:1,ISR:1,LeaderRecoveryState:RECOVERED,LeaderEpoch:2,ZkVersion:2,ControllerEpoch:2),__consumer_offsets-19 -> (Leader:2,ISR:2,LeaderRecoveryState:RECOVERED,LeaderEpoch:0,ZkVersion:0,ControllerEpoch:2),cars-0 -> (Leader:1,ISR:1,LeaderRecoveryState:RECOVERED,LeaderEpoch:5,ZkVersion:5,ControllerEpoch:2),__consumer_offsets-32 -> (Leader:1,ISR:1,LeaderRecoveryState:RECOVERED,LeaderEpoch:2,ZkVersion:2,ControllerEpoch:2),cars-1 -> (Leader:0,ISR:0,LeaderRecoveryState:RECOVERED,LeaderEpoch:0,ZkVersion:0,ControllerEpoch:1),__consumer_offsets-28 -> (Leader:2,ISR:2,LeaderRecoveryState:RECOVERED,LeaderEpoch:0,ZkVersion:0,ControllerEpoch:2),__consumer_offsets-7 -> (Leader:2,ISR:2,LeaderRecoveryState:RECOVERED,LeaderEpoch:0,ZkVersion:0,ControllerEpoch:2),__consumer_offsets-40 -> (Leader:2,ISR:2,LeaderRecoveryState:RECOVERED,LeaderEpoch:0,ZkVersion:0,ControllerEpoch:2),__consumer_offsets-3 -> (Leader:0,ISR:0,LeaderRecoveryState:RECOVERED,LeaderEpoch:0,ZkVersion:0,ControllerEpoch:2),__consumer_offsets-36 -> (Leader:0,ISR:0,LeaderRecoveryState:RECOVERED,LeaderEpoch:0,ZkVersion:0,ControllerEpoch:2),__consumer_offsets-47 -> (Leader:1,ISR:1,LeaderRecoveryState:RECOVERED,LeaderEpoch:2,ZkVersion:2,ControllerEpoch:2),__consumer_offsets-14 -> (Leader:1,ISR:1,LeaderRecoveryState:RECOVERED,LeaderEpoch:2,ZkVersion:2,ControllerEpoch:2),__consumer_offsets-43 -> (Leader:2,ISR:2,LeaderRecoveryState:RECOVERED,LeaderEpoch:0,ZkVersion:0,ControllerEpoch:2),__consumer_offsets-10 -> (Leader:2,ISR:2,LeaderRecoveryState:RECOVERED,LeaderEpoch:0,ZkVersion:0,ControllerEpoch:2),__consumer_offsets-22 -> (Leader:2,ISR:2,LeaderRecoveryState:RECOVERED,LeaderEpoch:0,ZkVersion:0,ControllerEpoch:2),__consumer_offsets-18 -> (Leader:0,ISR:0,LeaderRecoveryState:RECOVERED,LeaderEpoch:0,ZkVersion:0,ControllerEpoch:2),__consumer_offsets-31 -> (Leader:2,ISR:2,LeaderRecoveryState:RECOVERED,LeaderEpoch:0,ZkVersion:0,ControllerEpoch:2),cars-4 -> (Leader:0,ISR:0,LeaderRecoveryState:RECOVERED,LeaderEpoch:0,ZkVersion:0,ControllerEpoch:1),__consumer_offsets-27 -> (Leader:0,ISR:0,LeaderRecoveryState:RECOVERED,LeaderEpoch:0,ZkVersion:0,ControllerEpoch:2),__consumer_offsets-39 -> (Leader:0,ISR:0,LeaderRecoveryState:RECOVERED,LeaderEpoch:0,ZkVersion:0,ControllerEpoch:2),__consumer_offsets-6 -> (Leader:0,ISR:0,LeaderRecoveryState:RECOVERED,LeaderEpoch:0,ZkVersion:0,ControllerEpoch:2),__consumer_offsets-35 -> (Leader:1,ISR:1,LeaderRecoveryState:RECOVERED,LeaderEpoch:2,ZkVersion:2,ControllerEpoch:2),__consumer_offsets-2 -> (Leader:1,ISR:1,LeaderRecoveryState:RECOVERED,LeaderEpoch:2,ZkVersion:2,ControllerEpoch:2) (kafka.controller.KafkaController)
[2023-06-12 10:53:01,373] INFO [ControllerEventThread controllerId=2] Shutting down (kafka.controller.ControllerEventManager$ControllerEventThread)
[2023-06-12 10:53:01,374] INFO [ControllerEventThread controllerId=2] Shutdown completed (kafka.controller.ControllerEventManager$ControllerEventThread)
[2023-06-12 10:53:01,374] INFO [ControllerEventThread controllerId=2] Stopped (kafka.controller.ControllerEventManager$ControllerEventThread)
[2023-06-12 10:53:01,375] DEBUG [Controller id=2] Resigning (kafka.controller.KafkaController)
[2023-06-12 10:53:01,376] DEBUG [Controller id=2] Unregister BrokerModifications handler for Set() (kafka.controller.KafkaController)
[2023-06-12 10:53:01,377] INFO [PartitionStateMachine controllerId=2] Stopped partition state machine (kafka.controller.ZkPartitionStateMachine)
[2023-06-12 10:53:01,378] INFO [ReplicaStateMachine controllerId=2] Stopped replica state machine (kafka.controller.ZkReplicaStateMachine)
[2023-06-12 10:53:01,379] INFO [Controller id=2] Resigned (kafka.controller.KafkaController)
[2023-06-12 10:53:01,387] INFO [Controller id=0] Newly added brokers: , deleted brokers: 2, bounced brokers: , all live brokers: 0,1 (kafka.controller.KafkaController)
[2023-06-12 10:53:01,387] INFO [RequestSendThread controllerId=0] Shutting down (kafka.controller.RequestSendThread)
[2023-06-12 10:53:01,387] INFO [RequestSendThread controllerId=0] Stopped (kafka.controller.RequestSendThread)
[2023-06-12 10:53:01,387] INFO [RequestSendThread controllerId=0] Shutdown completed (kafka.controller.RequestSendThread)
[2023-06-12 10:53:01,389] INFO [Controller id=0] Broker failure callback for 2 (kafka.controller.KafkaController)
[2023-06-12 10:53:01,389] INFO [Controller id=0] Removed 2 from list of shutting down brokers. (kafka.controller.KafkaController)
[2023-06-12 10:53:01,418] DEBUG [Controller id=0] Unregister BrokerModifications handler for List(2) (kafka.controller.KafkaController)
[2023-06-12 10:53:01,418] INFO [Controller id=0] Updated broker epochs cache: HashMap(0 -> 106, 1 -> 286) (kafka.controller.KafkaController)
[2023-06-12 10:53:21,064] INFO [Controller id=0] Newly added brokers: 2, deleted brokers: , bounced brokers: , all live brokers: 0,1,2 (kafka.controller.KafkaController)
[2023-06-12 10:53:21,064] DEBUG [Channel manager on controller 0]: Controller 0 trying to connect to broker 2 (kafka.controller.ControllerChannelManager)
[2023-06-12 10:53:21,067] INFO [RequestSendThread controllerId=0] Starting (kafka.controller.RequestSendThread)
[2023-06-12 10:53:21,067] INFO [Controller id=0] New broker startup callback for 2 (kafka.controller.KafkaController)
[2023-06-12 10:53:21,070] INFO [RequestSendThread controllerId=0] Controller 0 connected to octinb26.bravo.local:9094 (id: 2 rack: null) for sending state change requests (kafka.controller.RequestSendThread)
[2023-06-12 10:53:21,096] DEBUG [Controller id=0] Register BrokerModifications handler for List(2) (kafka.controller.KafkaController)
[2023-06-12 10:53:21,097] INFO [Controller id=0] Updated broker epochs cache: HashMap(0 -> 106, 1 -> 286, 2 -> 339) (kafka.controller.KafkaController)
[2023-06-12 10:53:21,111] INFO [ControllerEventThread controllerId=2] Starting (kafka.controller.ControllerEventManager$ControllerEventThread)
[2023-06-12 10:53:21,120] DEBUG [Controller id=2] Broker 0 has been elected as the controller, so stopping the election process. (kafka.controller.KafkaController)
[2023-06-12 10:53:29,087] INFO [Controller id=0] Shutting down broker 0 (kafka.controller.KafkaController)
[2023-06-12 10:53:29,087] DEBUG [Controller id=0] All shutting down brokers: 0 (kafka.controller.KafkaController)
[2023-06-12 10:53:29,087] DEBUG [Controller id=0] Live brokers: 1,2 (kafka.controller.KafkaController)
[2023-06-12 10:53:29,088] TRACE [Controller id=0] All leaders = __consumer_offsets-13 -> (Leader:2,ISR:2,LeaderRecoveryState:RECOVERED,LeaderEpoch:2,ZkVersion:2,ControllerEpoch:2),__consumer_offsets-46 -> (Leader:2,ISR:2,LeaderRecoveryState:RECOVERED,LeaderEpoch:2,ZkVersion:2,ControllerEpoch:2),__consumer_offsets-9 -> (Leader:0,ISR:0,LeaderRecoveryState:RECOVERED,LeaderEpoch:0,ZkVersion:0,ControllerEpoch:2),__consumer_offsets-42 -> (Leader:0,ISR:0,LeaderRecoveryState:RECOVERED,LeaderEpoch:0,ZkVersion:0,ControllerEpoch:2),__consumer_offsets-21 -> (Leader:0,ISR:0,LeaderRecoveryState:RECOVERED,LeaderEpoch:0,ZkVersion:0,ControllerEpoch:2),__consumer_offsets-17 -> (Leader:1,ISR:1,LeaderRecoveryState:RECOVERED,LeaderEpoch:2,ZkVersion:2,ControllerEpoch:2),__consumer_offsets-30 -> (Leader:0,ISR:0,LeaderRecoveryState:RECOVERED,LeaderEpoch:0,ZkVersion:0,ControllerEpoch:2),cars-3 -> (Leader:1,ISR:1,LeaderRecoveryState:RECOVERED,LeaderEpoch:5,ZkVersion:5,ControllerEpoch:2),__consumer_offsets-26 -> (Leader:1,ISR:1,LeaderRecoveryState:RECOVERED,LeaderEpoch:2,ZkVersion:2,ControllerEpoch:2),__consumer_offsets-5 -> (Leader:1,ISR:1,LeaderRecoveryState:RECOVERED,LeaderEpoch:2,ZkVersion:2,ControllerEpoch:2),__consumer_offsets-38 -> (Leader:1,ISR:1,LeaderRecoveryState:RECOVERED,LeaderEpoch:2,ZkVersion:2,ControllerEpoch:2),__consumer_offsets-1 -> (Leader:2,ISR:2,LeaderRecoveryState:RECOVERED,LeaderEpoch:2,ZkVersion:2,ControllerEpoch:2),__consumer_offsets-34 -> (Leader:2,ISR:2,LeaderRecoveryState:RECOVERED,LeaderEpoch:2,ZkVersion:2,ControllerEpoch:2),__consumer_offsets-16 -> (Leader:2,ISR:2,LeaderRecoveryState:RECOVERED,LeaderEpoch:2,ZkVersion:2,ControllerEpoch:2),__consumer_offsets-45 -> (Leader:0,ISR:0,LeaderRecoveryState:RECOVERED,LeaderEpoch:0,ZkVersion:0,ControllerEpoch:2),__consumer_offsets-12 -> (Leader:0,ISR:0,LeaderRecoveryState:RECOVERED,LeaderEpoch:0,ZkVersion:0,ControllerEpoch:2),__consumer_offsets-41 -> (Leader:1,ISR:1,LeaderRecoveryState:RECOVERED,LeaderEpoch:2,ZkVersion:2,ControllerEpoch:2),__consumer_offsets-24 -> (Leader:0,ISR:0,LeaderRecoveryState:RECOVERED,LeaderEpoch:0,ZkVersion:0,ControllerEpoch:2),__consumer_offsets-20 -> (Leader:1,ISR:1,LeaderRecoveryState:RECOVERED,LeaderEpoch:2,ZkVersion:2,ControllerEpoch:2),__consumer_offsets-49 -> (Leader:2,ISR:2,LeaderRecoveryState:RECOVERED,LeaderEpoch:2,ZkVersion:2,ControllerEpoch:2),cars-2 -> (Leader:2,ISR:2,LeaderRecoveryState:RECOVERED,LeaderEpoch:4,ZkVersion:4,ControllerEpoch:2),__consumer_offsets-0 -> (Leader:0,ISR:0,LeaderRecoveryState:RECOVERED,LeaderEpoch:0,ZkVersion:0,ControllerEpoch:2),__consumer_offsets-29 -> (Leader:1,ISR:1,LeaderRecoveryState:RECOVERED,LeaderEpoch:2,ZkVersion:2,ControllerEpoch:2),__consumer_offsets-25 -> (Leader:2,ISR:2,LeaderRecoveryState:RECOVERED,LeaderEpoch:2,ZkVersion:2,ControllerEpoch:2),__consumer_offsets-8 -> (Leader:1,ISR:1,LeaderRecoveryState:RECOVERED,LeaderEpoch:2,ZkVersion:2,ControllerEpoch:2),__consumer_offsets-37 -> (Leader:2,ISR:2,LeaderRecoveryState:RECOVERED,LeaderEpoch:2,ZkVersion:2,ControllerEpoch:2),__consumer_offsets-4 -> (Leader:2,ISR:2,LeaderRecoveryState:RECOVERED,LeaderEpoch:2,ZkVersion:2,ControllerEpoch:2),__consumer_offsets-33 -> (Leader:0,ISR:0,LeaderRecoveryState:RECOVERED,LeaderEpoch:0,ZkVersion:0,ControllerEpoch:2),__consumer_offsets-15 -> (Leader:0,ISR:0,LeaderRecoveryState:RECOVERED,LeaderEpoch:0,ZkVersion:0,ControllerEpoch:2),__consumer_offsets-48 -> (Leader:0,ISR:0,LeaderRecoveryState:RECOVERED,LeaderEpoch:0,ZkVersion:0,ControllerEpoch:2),__consumer_offsets-11 -> (Leader:1,ISR:1,LeaderRecoveryState:RECOVERED,LeaderEpoch:2,ZkVersion:2,ControllerEpoch:2),__consumer_offsets-44 -> (Leader:1,ISR:1,LeaderRecoveryState:RECOVERED,LeaderEpoch:2,ZkVersion:2,ControllerEpoch:2),__consumer_offsets-23 -> (Leader:1,ISR:1,LeaderRecoveryState:RECOVERED,LeaderEpoch:2,ZkVersion:2,ControllerEpoch:2),__consumer_offsets-19 -> (Leader:2,ISR:2,LeaderRecoveryState:RECOVERED,LeaderEpoch:2,ZkVersion:2,ControllerEpoch:2),cars-0 -> (Leader:1,ISR:1,LeaderRecoveryState:RECOVERED,LeaderEpoch:5,ZkVersion:5,ControllerEpoch:2),__consumer_offsets-32 -> (Leader:1,ISR:1,LeaderRecoveryState:RECOVERED,LeaderEpoch:2,ZkVersion:2,ControllerEpoch:2),cars-1 -> (Leader:0,ISR:0,LeaderRecoveryState:RECOVERED,LeaderEpoch:0,ZkVersion:0,ControllerEpoch:1),__consumer_offsets-28 -> (Leader:2,ISR:2,LeaderRecoveryState:RECOVERED,LeaderEpoch:2,ZkVersion:2,ControllerEpoch:2),__consumer_offsets-7 -> (Leader:2,ISR:2,LeaderRecoveryState:RECOVERED,LeaderEpoch:2,ZkVersion:2,ControllerEpoch:2),__consumer_offsets-40 -> (Leader:2,ISR:2,LeaderRecoveryState:RECOVERED,LeaderEpoch:2,ZkVersion:2,ControllerEpoch:2),__consumer_offsets-3 -> (Leader:0,ISR:0,LeaderRecoveryState:RECOVERED,LeaderEpoch:0,ZkVersion:0,ControllerEpoch:2),__consumer_offsets-36 -> (Leader:0,ISR:0,LeaderRecoveryState:RECOVERED,LeaderEpoch:0,ZkVersion:0,ControllerEpoch:2),__consumer_offsets-47 -> (Leader:1,ISR:1,LeaderRecoveryState:RECOVERED,LeaderEpoch:2,ZkVersion:2,ControllerEpoch:2),__consumer_offsets-14 -> (Leader:1,ISR:1,LeaderRecoveryState:RECOVERED,LeaderEpoch:2,ZkVersion:2,ControllerEpoch:2),__consumer_offsets-43 -> (Leader:2,ISR:2,LeaderRecoveryState:RECOVERED,LeaderEpoch:2,ZkVersion:2,ControllerEpoch:2),__consumer_offsets-10 -> (Leader:2,ISR:2,LeaderRecoveryState:RECOVERED,LeaderEpoch:2,ZkVersion:2,ControllerEpoch:2),__consumer_offsets-22 -> (Leader:2,ISR:2,LeaderRecoveryState:RECOVERED,LeaderEpoch:2,ZkVersion:2,ControllerEpoch:2),__consumer_offsets-18 -> (Leader:0,ISR:0,LeaderRecoveryState:RECOVERED,LeaderEpoch:0,ZkVersion:0,ControllerEpoch:2),__consumer_offsets-31 -> (Leader:2,ISR:2,LeaderRecoveryState:RECOVERED,LeaderEpoch:2,ZkVersion:2,ControllerEpoch:2),cars-4 -> (Leader:0,ISR:0,LeaderRecoveryState:RECOVERED,LeaderEpoch:0,ZkVersion:0,ControllerEpoch:1),__consumer_offsets-27 -> (Leader:0,ISR:0,LeaderRecoveryState:RECOVERED,LeaderEpoch:0,ZkVersion:0,ControllerEpoch:2),__consumer_offsets-39 -> (Leader:0,ISR:0,LeaderRecoveryState:RECOVERED,LeaderEpoch:0,ZkVersion:0,ControllerEpoch:2),__consumer_offsets-6 -> (Leader:0,ISR:0,LeaderRecoveryState:RECOVERED,LeaderEpoch:0,ZkVersion:0,ControllerEpoch:2),__consumer_offsets-35 -> (Leader:1,ISR:1,LeaderRecoveryState:RECOVERED,LeaderEpoch:2,ZkVersion:2,ControllerEpoch:2),__consumer_offsets-2 -> (Leader:1,ISR:1,LeaderRecoveryState:RECOVERED,LeaderEpoch:2,ZkVersion:2,ControllerEpoch:2) (kafka.controller.KafkaController)
[2023-06-12 10:53:29,296] INFO [ControllerEventThread controllerId=0] Shutting down (kafka.controller.ControllerEventManager$ControllerEventThread)
[2023-06-12 10:53:29,297] INFO [ControllerEventThread controllerId=0] Shutdown completed (kafka.controller.ControllerEventManager$ControllerEventThread)
[2023-06-12 10:53:29,297] INFO [ControllerEventThread controllerId=0] Stopped (kafka.controller.ControllerEventManager$ControllerEventThread)
[2023-06-12 10:53:29,297] DEBUG [Controller id=0] Resigning (kafka.controller.KafkaController)
[2023-06-12 10:53:29,297] DEBUG [Controller id=0] Unregister BrokerModifications handler for Set(0, 1, 2) (kafka.controller.KafkaController)
[2023-06-12 10:53:29,298] INFO [PartitionStateMachine controllerId=0] Stopped partition state machine (kafka.controller.ZkPartitionStateMachine)
[2023-06-12 10:53:29,299] INFO [ReplicaStateMachine controllerId=0] Stopped replica state machine (kafka.controller.ZkReplicaStateMachine)
[2023-06-12 10:53:29,299] INFO [RequestSendThread controllerId=0] Shutting down (kafka.controller.RequestSendThread)
[2023-06-12 10:53:29,299] INFO [RequestSendThread controllerId=0] Stopped (kafka.controller.RequestSendThread)
[2023-06-12 10:53:29,299] INFO [RequestSendThread controllerId=0] Shutdown completed (kafka.controller.RequestSendThread)
[2023-06-12 10:53:29,300] INFO [RequestSendThread controllerId=0] Shutting down (kafka.controller.RequestSendThread)
[2023-06-12 10:53:29,301] INFO [RequestSendThread controllerId=0] Stopped (kafka.controller.RequestSendThread)
[2023-06-12 10:53:29,301] INFO [RequestSendThread controllerId=0] Shutdown completed (kafka.controller.RequestSendThread)
[2023-06-12 10:53:29,302] INFO [RequestSendThread controllerId=0] Shutting down (kafka.controller.RequestSendThread)
[2023-06-12 10:53:29,302] INFO [RequestSendThread controllerId=0] Stopped (kafka.controller.RequestSendThread)
[2023-06-12 10:53:29,302] INFO [RequestSendThread controllerId=0] Shutdown completed (kafka.controller.RequestSendThread)
[2023-06-12 10:53:29,303] INFO [Controller id=0] Resigned (kafka.controller.KafkaController)
[2023-06-12 10:53:29,316] INFO [Controller id=1] 1 successfully elected as the controller. Epoch incremented to 3 and epoch zk version is now 3 (kafka.controller.KafkaController)
[2023-06-12 10:53:29,317] INFO [Controller id=1] Registering handlers (kafka.controller.KafkaController)
[2023-06-12 10:53:29,320] INFO [Controller id=1] Deleting log dir event notifications (kafka.controller.KafkaController)
[2023-06-12 10:53:29,321] INFO [Controller id=1] Deleting isr change notifications (kafka.controller.KafkaController)
[2023-06-12 10:53:29,321] DEBUG [Controller id=2] Broker 1 was elected as controller instead of broker 2 (kafka.controller.KafkaController)
org.apache.kafka.common.errors.ControllerMovedException: Controller moved to another broker. Aborting controller startup procedure
[2023-06-12 10:53:29,322] INFO [Controller id=1] Initializing controller context (kafka.controller.KafkaController)
[2023-06-12 10:53:29,328] INFO [Controller id=1] Initialized broker epochs cache: HashMap(1 -> 286, 2 -> 339) (kafka.controller.KafkaController)
[2023-06-12 10:53:29,335] DEBUG [Controller id=1] Register BrokerModifications handler for Set(1, 2) (kafka.controller.KafkaController)
[2023-06-12 10:53:29,350] DEBUG [Channel manager on controller 1]: Controller 1 trying to connect to broker 1 (kafka.controller.ControllerChannelManager)
[2023-06-12 10:53:29,354] DEBUG [Channel manager on controller 1]: Controller 1 trying to connect to broker 2 (kafka.controller.ControllerChannelManager)
[2023-06-12 10:53:29,355] INFO [RequestSendThread controllerId=1] Starting (kafka.controller.RequestSendThread)
[2023-06-12 10:53:29,355] INFO [RequestSendThread controllerId=1] Starting (kafka.controller.RequestSendThread)
[2023-06-12 10:53:29,357] INFO [Controller id=1] Currently active brokers in the cluster: Set(1, 2) (kafka.controller.KafkaController)
[2023-06-12 10:53:29,357] INFO [Controller id=1] Currently shutting brokers in the cluster: HashSet() (kafka.controller.KafkaController)
[2023-06-12 10:53:29,357] INFO [Controller id=1] Current list of topics in the cluster: HashSet(cars, __consumer_offsets) (kafka.controller.KafkaController)
[2023-06-12 10:53:29,357] INFO [Controller id=1] Fetching topic deletions in progress (kafka.controller.KafkaController)
[2023-06-12 10:53:29,360] INFO [Controller id=1] List of topics to be deleted:  (kafka.controller.KafkaController)
[2023-06-12 10:53:29,360] INFO [Controller id=1] List of topics ineligible for deletion: cars,__consumer_offsets (kafka.controller.KafkaController)
[2023-06-12 10:53:29,360] INFO [Controller id=1] Initializing topic deletion manager (kafka.controller.KafkaController)
[2023-06-12 10:53:29,361] INFO [Topic Deletion Manager 1] Initializing manager with initial deletions: Set(), initial ineligible deletions: HashSet(cars, __consumer_offsets) (kafka.controller.TopicDeletionManager)
[2023-06-12 10:53:29,361] INFO [Controller id=1] Sending update metadata request (kafka.controller.KafkaController)
[2023-06-12 10:53:29,367] INFO [ReplicaStateMachine controllerId=1] Initializing replica state (kafka.controller.ZkReplicaStateMachine)
[2023-06-12 10:53:29,370] INFO [ReplicaStateMachine controllerId=1] Triggering online replica state changes (kafka.controller.ZkReplicaStateMachine)
[2023-06-12 10:53:29,371] INFO [RequestSendThread controllerId=1] Controller 1 connected to octinb26.bravo.local:9093 (id: 1 rack: null) for sending state change requests (kafka.controller.RequestSendThread)
[2023-06-12 10:53:29,371] INFO [RequestSendThread controllerId=1] Controller 1 connected to octinb26.bravo.local:9094 (id: 2 rack: null) for sending state change requests (kafka.controller.RequestSendThread)
[2023-06-12 10:53:29,385] INFO [ReplicaStateMachine controllerId=1] Triggering offline replica state changes (kafka.controller.ZkReplicaStateMachine)
[2023-06-12 10:53:29,427] DEBUG [ReplicaStateMachine controllerId=1] Started replica state machine with initial state -> HashMap([Topic=cars,Partition=1,Replica=0] -> OfflineReplica, [Topic=cars,Partition=3,Replica=1] -> OnlineReplica, [Topic=__consumer_offsets,Partition=34,Replica=2] -> OnlineReplica, [Topic=__consumer_offsets,Partition=19,Replica=2] -> OnlineReplica, [Topic=__consumer_offsets,Partition=40,Replica=2] -> OnlineReplica, [Topic=__consumer_offsets,Partition=27,Replica=0] -> OfflineReplica, [Topic=__consumer_offsets,Partition=46,Replica=2] -> OnlineReplica, [Topic=__consumer_offsets,Partition=8,Replica=1] -> OnlineReplica, [Topic=__consumer_offsets,Partition=20,Replica=1] -> OnlineReplica, [Topic=__consumer_offsets,Partition=3,Replica=0] -> OfflineReplica, [Topic=__consumer_offsets,Partition=18,Replica=0] -> OfflineReplica, [Topic=cars,Partition=4,Replica=0] -> OfflineReplica, [Topic=__consumer_offsets,Partition=17,Replica=1] -> OnlineReplica, [Topic=__consumer_offsets,Partition=24,Replica=0] -> OfflineReplica, [Topic=__consumer_offsets,Partition=16,Replica=2] -> OnlineReplica, [Topic=__consumer_offsets,Partition=36,Replica=0] -> OfflineReplica, [Topic=__consumer_offsets,Partition=42,Replica=0] -> OfflineReplica, [Topic=__consumer_offsets,Partition=35,Replica=1] -> OnlineReplica, [Topic=__consumer_offsets,Partition=45,Replica=0] -> OfflineReplica, [Topic=__consumer_offsets,Partition=12,Replica=0] -> OfflineReplica, [Topic=__consumer_offsets,Partition=30,Replica=0] -> OfflineReplica, [Topic=__consumer_offsets,Partition=9,Replica=0] -> OfflineReplica, [Topic=__consumer_offsets,Partition=49,Replica=2] -> OnlineReplica, [Topic=__consumer_offsets,Partition=47,Replica=1] -> OnlineReplica, [Topic=__consumer_offsets,Partition=23,Replica=1] -> OnlineReplica, [Topic=__consumer_offsets,Partition=39,Replica=0] -> OfflineReplica, [Topic=__consumer_offsets,Partition=26,Replica=1] -> OnlineReplica, [Topic=__consumer_offsets,Partition=43,Replica=2] -> OnlineReplica, [Topic=__consumer_offsets,Partition=2,Replica=1] -> OnlineReplica, [Topic=__consumer_offsets,Partition=31,Replica=2] -> OnlineReplica, [Topic=__consumer_offsets,Partition=25,Replica=2] -> OnlineReplica, [Topic=__consumer_offsets,Partition=13,Replica=2] -> OnlineReplica, [Topic=__consumer_offsets,Partition=32,Replica=1] -> OnlineReplica, [Topic=__consumer_offsets,Partition=41,Replica=1] -> OnlineReplica, [Topic=__consumer_offsets,Partition=7,Replica=2] -> OnlineReplica, [Topic=__consumer_offsets,Partition=48,Replica=0] -> OfflineReplica, [Topic=__consumer_offsets,Partition=4,Replica=2] -> OnlineReplica, [Topic=__consumer_offsets,Partition=5,Replica=1] -> OnlineReplica, [Topic=__consumer_offsets,Partition=10,Replica=2] -> OnlineReplica, [Topic=__consumer_offsets,Partition=44,Replica=1] -> OnlineReplica, [Topic=cars,Partition=2,Replica=2] -> OnlineReplica, [Topic=__consumer_offsets,Partition=15,Replica=0] -> OfflineReplica, [Topic=__consumer_offsets,Partition=11,Replica=1] -> OnlineReplica, [Topic=__consumer_offsets,Partition=6,Replica=0] -> OfflineReplica, [Topic=__consumer_offsets,Partition=29,Replica=1] -> OnlineReplica, [Topic=__consumer_offsets,Partition=0,Replica=0] -> OfflineReplica, [Topic=__consumer_offsets,Partition=22,Replica=2] -> OnlineReplica, [Topic=__consumer_offsets,Partition=28,Replica=2] -> OnlineReplica, [Topic=__consumer_offsets,Partition=37,Replica=2] -> OnlineReplica, [Topic=__consumer_offsets,Partition=1,Replica=2] -> OnlineReplica, [Topic=__consumer_offsets,Partition=33,Replica=0] -> OfflineReplica, [Topic=__consumer_offsets,Partition=38,Replica=1] -> OnlineReplica, [Topic=__consumer_offsets,Partition=21,Replica=0] -> OfflineReplica, [Topic=cars,Partition=0,Replica=1] -> OnlineReplica, [Topic=__consumer_offsets,Partition=14,Replica=1] -> OnlineReplica) (kafka.controller.ZkReplicaStateMachine)
[2023-06-12 10:53:29,428] INFO [PartitionStateMachine controllerId=1] Initializing partition state (kafka.controller.ZkPartitionStateMachine)
[2023-06-12 10:53:29,433] INFO [PartitionStateMachine controllerId=1] Triggering online partition state changes (kafka.controller.ZkPartitionStateMachine)
[2023-06-12 10:53:29,463] DEBUG [PartitionStateMachine controllerId=1] Started partition state machine with initial state -> HashMap(__consumer_offsets-13 -> OnlinePartition, __consumer_offsets-46 -> OnlinePartition, __consumer_offsets-9 -> OfflinePartition, __consumer_offsets-42 -> OfflinePartition, __consumer_offsets-21 -> OfflinePartition, __consumer_offsets-17 -> OnlinePartition, __consumer_offsets-30 -> OfflinePartition, cars-3 -> OnlinePartition, __consumer_offsets-26 -> OnlinePartition, __consumer_offsets-5 -> OnlinePartition, __consumer_offsets-38 -> OnlinePartition, __consumer_offsets-1 -> OnlinePartition, __consumer_offsets-34 -> OnlinePartition, __consumer_offsets-16 -> OnlinePartition, __consumer_offsets-45 -> OfflinePartition, __consumer_offsets-12 -> OfflinePartition, __consumer_offsets-41 -> OnlinePartition, __consumer_offsets-24 -> OfflinePartition, __consumer_offsets-20 -> OnlinePartition, __consumer_offsets-49 -> OnlinePartition, cars-2 -> OnlinePartition, __consumer_offsets-0 -> OfflinePartition, __consumer_offsets-29 -> OnlinePartition, __consumer_offsets-25 -> OnlinePartition, __consumer_offsets-8 -> OnlinePartition, __consumer_offsets-37 -> OnlinePartition, __consumer_offsets-4 -> OnlinePartition, __consumer_offsets-33 -> OfflinePartition, __consumer_offsets-15 -> OfflinePartition, __consumer_offsets-48 -> OfflinePartition, __consumer_offsets-11 -> OnlinePartition, __consumer_offsets-44 -> OnlinePartition, __consumer_offsets-23 -> OnlinePartition, __consumer_offsets-19 -> OnlinePartition, cars-0 -> OnlinePartition, __consumer_offsets-32 -> OnlinePartition, cars-1 -> OfflinePartition, __consumer_offsets-28 -> OnlinePartition, __consumer_offsets-7 -> OnlinePartition, __consumer_offsets-40 -> OnlinePartition, __consumer_offsets-3 -> OfflinePartition, __consumer_offsets-36 -> OfflinePartition, __consumer_offsets-47 -> OnlinePartition, __consumer_offsets-14 -> OnlinePartition, __consumer_offsets-43 -> OnlinePartition, __consumer_offsets-10 -> OnlinePartition, __consumer_offsets-22 -> OnlinePartition, __consumer_offsets-18 -> OfflinePartition, __consumer_offsets-31 -> OnlinePartition, cars-4 -> OfflinePartition, __consumer_offsets-27 -> OfflinePartition, __consumer_offsets-39 -> OfflinePartition, __consumer_offsets-6 -> OfflinePartition, __consumer_offsets-35 -> OnlinePartition, __consumer_offsets-2 -> OnlinePartition) (kafka.controller.ZkPartitionStateMachine)
[2023-06-12 10:53:29,464] INFO [Controller id=1] Ready to serve as the new controller with epoch 3 (kafka.controller.KafkaController)
[2023-06-12 10:53:29,468] INFO [Controller id=1] Partitions undergoing preferred replica election:  (kafka.controller.KafkaController)
[2023-06-12 10:53:29,469] INFO [Controller id=1] Partitions that completed preferred replica election:  (kafka.controller.KafkaController)
[2023-06-12 10:53:29,469] INFO [Controller id=1] Skipping preferred replica election for partitions due to topic deletion:  (kafka.controller.KafkaController)
[2023-06-12 10:53:29,469] INFO [Controller id=1] Resuming preferred replica election for partitions:  (kafka.controller.KafkaController)
[2023-06-12 10:53:29,470] INFO [Controller id=1] Starting replica leader election (PREFERRED) for partitions  triggered by ZkTriggered (kafka.controller.KafkaController)
[2023-06-12 10:53:29,477] INFO [Controller id=1] Starting the controller scheduler (kafka.controller.KafkaController)
[2023-06-12 10:53:34,479] INFO [Controller id=1] Processing automatic preferred replica leader election (kafka.controller.KafkaController)
[2023-06-12 10:53:34,480] TRACE [Controller id=1] Checking need to trigger auto leader balancing (kafka.controller.KafkaController)
[2023-06-12 10:53:34,488] DEBUG [Controller id=1] Topics not in preferred replica for broker 0 HashMap(__consumer_offsets-30 -> List(0), __consumer_offsets-21 -> List(0), cars-4 -> List(0), __consumer_offsets-33 -> List(0), __consumer_offsets-36 -> List(0), cars-1 -> List(0), __consumer_offsets-48 -> List(0), __consumer_offsets-6 -> List(0), __consumer_offsets-0 -> List(0), __consumer_offsets-45 -> List(0), __consumer_offsets-27 -> List(0), __consumer_offsets-9 -> List(0), __consumer_offsets-42 -> List(0), __consumer_offsets-3 -> List(0), __consumer_offsets-18 -> List(0), __consumer_offsets-15 -> List(0), __consumer_offsets-24 -> List(0), __consumer_offsets-39 -> List(0), __consumer_offsets-12 -> List(0)) (kafka.controller.KafkaController)
[2023-06-12 10:53:34,489] TRACE [Controller id=1] Leader imbalance ratio for broker 0 is 1.0 (kafka.controller.KafkaController)
[2023-06-12 10:53:34,490] INFO [Controller id=1] Starting replica leader election (PREFERRED) for partitions  triggered by AutoTriggered (kafka.controller.KafkaController)
[2023-06-12 10:53:34,490] DEBUG [Controller id=1] Topics not in preferred replica for broker 1 HashMap() (kafka.controller.KafkaController)
[2023-06-12 10:53:34,490] TRACE [Controller id=1] Leader imbalance ratio for broker 1 is 0.0 (kafka.controller.KafkaController)
[2023-06-12 10:53:34,490] DEBUG [Controller id=1] Topics not in preferred replica for broker 2 HashMap() (kafka.controller.KafkaController)
[2023-06-12 10:53:34,490] TRACE [Controller id=1] Leader imbalance ratio for broker 2 is 0.0 (kafka.controller.KafkaController)
[2023-06-12 10:55:53,523] INFO [Controller id=1] Shutting down broker 1 (kafka.controller.KafkaController)
[2023-06-12 10:55:53,523] DEBUG [Controller id=1] All shutting down brokers: 1 (kafka.controller.KafkaController)
[2023-06-12 10:55:53,524] DEBUG [Controller id=1] Live brokers: 2 (kafka.controller.KafkaController)
[2023-06-12 10:55:53,528] TRACE [Controller id=1] All leaders = __consumer_offsets-13 -> (Leader:2,ISR:2,LeaderRecoveryState:RECOVERED,LeaderEpoch:2,ZkVersion:2,ControllerEpoch:2),__consumer_offsets-46 -> (Leader:2,ISR:2,LeaderRecoveryState:RECOVERED,LeaderEpoch:2,ZkVersion:2,ControllerEpoch:2),__consumer_offsets-9 -> (Leader:-1,ISR:0,LeaderRecoveryState:RECOVERED,LeaderEpoch:1,ZkVersion:1,ControllerEpoch:3),__consumer_offsets-42 -> (Leader:-1,ISR:0,LeaderRecoveryState:RECOVERED,LeaderEpoch:1,ZkVersion:1,ControllerEpoch:3),__consumer_offsets-21 -> (Leader:-1,ISR:0,LeaderRecoveryState:RECOVERED,LeaderEpoch:1,ZkVersion:1,ControllerEpoch:3),__consumer_offsets-17 -> (Leader:1,ISR:1,LeaderRecoveryState:RECOVERED,LeaderEpoch:2,ZkVersion:2,ControllerEpoch:2),__consumer_offsets-30 -> (Leader:-1,ISR:0,LeaderRecoveryState:RECOVERED,LeaderEpoch:1,ZkVersion:1,ControllerEpoch:3),cars-3 -> (Leader:1,ISR:1,LeaderRecoveryState:RECOVERED,LeaderEpoch:5,ZkVersion:5,ControllerEpoch:2),__consumer_offsets-26 -> (Leader:1,ISR:1,LeaderRecoveryState:RECOVERED,LeaderEpoch:2,ZkVersion:2,ControllerEpoch:2),__consumer_offsets-5 -> (Leader:1,ISR:1,LeaderRecoveryState:RECOVERED,LeaderEpoch:2,ZkVersion:2,ControllerEpoch:2),__consumer_offsets-38 -> (Leader:1,ISR:1,LeaderRecoveryState:RECOVERED,LeaderEpoch:2,ZkVersion:2,ControllerEpoch:2),__consumer_offsets-1 -> (Leader:2,ISR:2,LeaderRecoveryState:RECOVERED,LeaderEpoch:2,ZkVersion:2,ControllerEpoch:2),__consumer_offsets-34 -> (Leader:2,ISR:2,LeaderRecoveryState:RECOVERED,LeaderEpoch:2,ZkVersion:2,ControllerEpoch:2),__consumer_offsets-16 -> (Leader:2,ISR:2,LeaderRecoveryState:RECOVERED,LeaderEpoch:2,ZkVersion:2,ControllerEpoch:2),__consumer_offsets-45 -> (Leader:-1,ISR:0,LeaderRecoveryState:RECOVERED,LeaderEpoch:1,ZkVersion:1,ControllerEpoch:3),__consumer_offsets-12 -> (Leader:-1,ISR:0,LeaderRecoveryState:RECOVERED,LeaderEpoch:1,ZkVersion:1,ControllerEpoch:3),__consumer_offsets-41 -> (Leader:1,ISR:1,LeaderRecoveryState:RECOVERED,LeaderEpoch:2,ZkVersion:2,ControllerEpoch:2),__consumer_offsets-24 -> (Leader:-1,ISR:0,LeaderRecoveryState:RECOVERED,LeaderEpoch:1,ZkVersion:1,ControllerEpoch:3),__consumer_offsets-20 -> (Leader:1,ISR:1,LeaderRecoveryState:RECOVERED,LeaderEpoch:2,ZkVersion:2,ControllerEpoch:2),__consumer_offsets-49 -> (Leader:2,ISR:2,LeaderRecoveryState:RECOVERED,LeaderEpoch:2,ZkVersion:2,ControllerEpoch:2),cars-2 -> (Leader:2,ISR:2,LeaderRecoveryState:RECOVERED,LeaderEpoch:4,ZkVersion:4,ControllerEpoch:2),__consumer_offsets-0 -> (Leader:-1,ISR:0,LeaderRecoveryState:RECOVERED,LeaderEpoch:1,ZkVersion:1,ControllerEpoch:3),__consumer_offsets-29 -> (Leader:1,ISR:1,LeaderRecoveryState:RECOVERED,LeaderEpoch:2,ZkVersion:2,ControllerEpoch:2),__consumer_offsets-25 -> (Leader:2,ISR:2,LeaderRecoveryState:RECOVERED,LeaderEpoch:2,ZkVersion:2,ControllerEpoch:2),__consumer_offsets-8 -> (Leader:1,ISR:1,LeaderRecoveryState:RECOVERED,LeaderEpoch:2,ZkVersion:2,ControllerEpoch:2),__consumer_offsets-37 -> (Leader:2,ISR:2,LeaderRecoveryState:RECOVERED,LeaderEpoch:2,ZkVersion:2,ControllerEpoch:2),__consumer_offsets-4 -> (Leader:2,ISR:2,LeaderRecoveryState:RECOVERED,LeaderEpoch:2,ZkVersion:2,ControllerEpoch:2),__consumer_offsets-33 -> (Leader:-1,ISR:0,LeaderRecoveryState:RECOVERED,LeaderEpoch:1,ZkVersion:1,ControllerEpoch:3),__consumer_offsets-15 -> (Leader:-1,ISR:0,LeaderRecoveryState:RECOVERED,LeaderEpoch:1,ZkVersion:1,ControllerEpoch:3),__consumer_offsets-48 -> (Leader:-1,ISR:0,LeaderRecoveryState:RECOVERED,LeaderEpoch:1,ZkVersion:1,ControllerEpoch:3),__consumer_offsets-11 -> (Leader:1,ISR:1,LeaderRecoveryState:RECOVERED,LeaderEpoch:2,ZkVersion:2,ControllerEpoch:2),__consumer_offsets-44 -> (Leader:1,ISR:1,LeaderRecoveryState:RECOVERED,LeaderEpoch:2,ZkVersion:2,ControllerEpoch:2),__consumer_offsets-23 -> (Leader:1,ISR:1,LeaderRecoveryState:RECOVERED,LeaderEpoch:2,ZkVersion:2,ControllerEpoch:2),__consumer_offsets-19 -> (Leader:2,ISR:2,LeaderRecoveryState:RECOVERED,LeaderEpoch:2,ZkVersion:2,ControllerEpoch:2),cars-0 -> (Leader:1,ISR:1,LeaderRecoveryState:RECOVERED,LeaderEpoch:5,ZkVersion:5,ControllerEpoch:2),__consumer_offsets-32 -> (Leader:1,ISR:1,LeaderRecoveryState:RECOVERED,LeaderEpoch:2,ZkVersion:2,ControllerEpoch:2),cars-1 -> (Leader:-1,ISR:0,LeaderRecoveryState:RECOVERED,LeaderEpoch:1,ZkVersion:1,ControllerEpoch:3),__consumer_offsets-28 -> (Leader:2,ISR:2,LeaderRecoveryState:RECOVERED,LeaderEpoch:2,ZkVersion:2,ControllerEpoch:2),__consumer_offsets-7 -> (Leader:2,ISR:2,LeaderRecoveryState:RECOVERED,LeaderEpoch:2,ZkVersion:2,ControllerEpoch:2),__consumer_offsets-40 -> (Leader:2,ISR:2,LeaderRecoveryState:RECOVERED,LeaderEpoch:2,ZkVersion:2,ControllerEpoch:2),__consumer_offsets-3 -> (Leader:-1,ISR:0,LeaderRecoveryState:RECOVERED,LeaderEpoch:1,ZkVersion:1,ControllerEpoch:3),__consumer_offsets-36 -> (Leader:-1,ISR:0,LeaderRecoveryState:RECOVERED,LeaderEpoch:1,ZkVersion:1,ControllerEpoch:3),__consumer_offsets-47 -> (Leader:1,ISR:1,LeaderRecoveryState:RECOVERED,LeaderEpoch:2,ZkVersion:2,ControllerEpoch:2),__consumer_offsets-14 -> (Leader:1,ISR:1,LeaderRecoveryState:RECOVERED,LeaderEpoch:2,ZkVersion:2,ControllerEpoch:2),__consumer_offsets-43 -> (Leader:2,ISR:2,LeaderRecoveryState:RECOVERED,LeaderEpoch:2,ZkVersion:2,ControllerEpoch:2),__consumer_offsets-10 -> (Leader:2,ISR:2,LeaderRecoveryState:RECOVERED,LeaderEpoch:2,ZkVersion:2,ControllerEpoch:2),__consumer_offsets-22 -> (Leader:2,ISR:2,LeaderRecoveryState:RECOVERED,LeaderEpoch:2,ZkVersion:2,ControllerEpoch:2),__consumer_offsets-18 -> (Leader:-1,ISR:0,LeaderRecoveryState:RECOVERED,LeaderEpoch:1,ZkVersion:1,ControllerEpoch:3),__consumer_offsets-31 -> (Leader:2,ISR:2,LeaderRecoveryState:RECOVERED,LeaderEpoch:2,ZkVersion:2,ControllerEpoch:2),cars-4 -> (Leader:-1,ISR:0,LeaderRecoveryState:RECOVERED,LeaderEpoch:1,ZkVersion:1,ControllerEpoch:3),__consumer_offsets-27 -> (Leader:-1,ISR:0,LeaderRecoveryState:RECOVERED,LeaderEpoch:1,ZkVersion:1,ControllerEpoch:3),__consumer_offsets-39 -> (Leader:-1,ISR:0,LeaderRecoveryState:RECOVERED,LeaderEpoch:1,ZkVersion:1,ControllerEpoch:3),__consumer_offsets-6 -> (Leader:-1,ISR:0,LeaderRecoveryState:RECOVERED,LeaderEpoch:1,ZkVersion:1,ControllerEpoch:3),__consumer_offsets-35 -> (Leader:1,ISR:1,LeaderRecoveryState:RECOVERED,LeaderEpoch:2,ZkVersion:2,ControllerEpoch:2),__consumer_offsets-2 -> (Leader:1,ISR:1,LeaderRecoveryState:RECOVERED,LeaderEpoch:2,ZkVersion:2,ControllerEpoch:2) (kafka.controller.KafkaController)
[2023-06-12 10:55:53,708] INFO [ControllerEventThread controllerId=1] Shutting down (kafka.controller.ControllerEventManager$ControllerEventThread)
[2023-06-12 10:55:53,709] INFO [ControllerEventThread controllerId=1] Stopped (kafka.controller.ControllerEventManager$ControllerEventThread)
[2023-06-12 10:55:53,709] INFO [ControllerEventThread controllerId=1] Shutdown completed (kafka.controller.ControllerEventManager$ControllerEventThread)
[2023-06-12 10:55:53,710] DEBUG [Controller id=1] Resigning (kafka.controller.KafkaController)
[2023-06-12 10:55:53,711] DEBUG [Controller id=1] Unregister BrokerModifications handler for Set(1, 2) (kafka.controller.KafkaController)
[2023-06-12 10:55:53,713] INFO [PartitionStateMachine controllerId=1] Stopped partition state machine (kafka.controller.ZkPartitionStateMachine)
[2023-06-12 10:55:53,715] INFO [ReplicaStateMachine controllerId=1] Stopped replica state machine (kafka.controller.ZkReplicaStateMachine)
[2023-06-12 10:55:53,715] INFO [RequestSendThread controllerId=1] Shutting down (kafka.controller.RequestSendThread)
[2023-06-12 10:55:53,715] INFO [RequestSendThread controllerId=1] Shutdown completed (kafka.controller.RequestSendThread)
[2023-06-12 10:55:53,715] INFO [RequestSendThread controllerId=1] Stopped (kafka.controller.RequestSendThread)
[2023-06-12 10:55:53,716] INFO [RequestSendThread controllerId=1] Shutting down (kafka.controller.RequestSendThread)
[2023-06-12 10:55:53,716] INFO [RequestSendThread controllerId=1] Shutdown completed (kafka.controller.RequestSendThread)
[2023-06-12 10:55:53,716] INFO [RequestSendThread controllerId=1] Stopped (kafka.controller.RequestSendThread)
[2023-06-12 10:55:53,718] INFO [Controller id=1] Resigned (kafka.controller.KafkaController)
[2023-06-12 10:56:06,900] INFO [ControllerEventThread controllerId=2] Shutting down (kafka.controller.ControllerEventManager$ControllerEventThread)
[2023-06-12 10:56:06,901] INFO [ControllerEventThread controllerId=2] Shutdown completed (kafka.controller.ControllerEventManager$ControllerEventThread)
[2023-06-12 10:56:06,901] INFO [ControllerEventThread controllerId=2] Stopped (kafka.controller.ControllerEventManager$ControllerEventThread)
[2023-06-12 10:56:06,901] DEBUG [Controller id=2] Resigning (kafka.controller.KafkaController)
[2023-06-12 10:56:06,902] DEBUG [Controller id=2] Unregister BrokerModifications handler for Set() (kafka.controller.KafkaController)
[2023-06-12 10:56:06,902] INFO [PartitionStateMachine controllerId=2] Stopped partition state machine (kafka.controller.ZkPartitionStateMachine)
[2023-06-12 10:56:06,903] INFO [ReplicaStateMachine controllerId=2] Stopped replica state machine (kafka.controller.ZkReplicaStateMachine)
[2023-06-12 10:56:06,903] INFO [Controller id=2] Resigned (kafka.controller.KafkaController)
