[2023-06-12 10:40:37,927] INFO Shutting down the log cleaner. (kafka.log.LogCleaner)
[2023-06-12 10:40:37,927] INFO [kafka-log-cleaner-thread-0]: Shutting down (kafka.log.LogCleaner)
[2023-06-12 10:40:37,927] INFO [kafka-log-cleaner-thread-0]: Stopped (kafka.log.LogCleaner)
[2023-06-12 10:40:37,927] INFO [kafka-log-cleaner-thread-0]: Shutdown completed (kafka.log.LogCleaner)
[2023-06-12 10:40:43,943] INFO Starting the log cleaner (kafka.log.LogCleaner)
[2023-06-12 10:40:43,986] INFO [kafka-log-cleaner-thread-0]: Starting (kafka.log.LogCleaner)
[2023-06-12 10:40:47,987] INFO Starting the log cleaner (kafka.log.LogCleaner)
[2023-06-12 10:40:48,028] INFO [kafka-log-cleaner-thread-0]: Starting (kafka.log.LogCleaner)
[2023-06-12 10:40:51,479] INFO Starting the log cleaner (kafka.log.LogCleaner)
[2023-06-12 10:40:51,520] INFO [kafka-log-cleaner-thread-0]: Starting (kafka.log.LogCleaner)
[2023-06-12 10:51:04,917] INFO Shutting down the log cleaner. (kafka.log.LogCleaner)
[2023-06-12 10:51:04,917] INFO [kafka-log-cleaner-thread-0]: Shutting down (kafka.log.LogCleaner)
[2023-06-12 10:51:04,918] INFO [kafka-log-cleaner-thread-0]: Stopped (kafka.log.LogCleaner)
[2023-06-12 10:51:04,918] INFO [kafka-log-cleaner-thread-0]: Shutdown completed (kafka.log.LogCleaner)
[2023-06-12 10:52:51,367] INFO Starting the log cleaner (kafka.log.LogCleaner)
[2023-06-12 10:52:51,414] INFO [kafka-log-cleaner-thread-0]: Starting (kafka.log.LogCleaner)
[2023-06-12 10:53:01,222] INFO Shutting down the log cleaner. (kafka.log.LogCleaner)
[2023-06-12 10:53:01,222] INFO [kafka-log-cleaner-thread-0]: Shutting down (kafka.log.LogCleaner)
[2023-06-12 10:53:01,223] INFO [kafka-log-cleaner-thread-0]: Stopped (kafka.log.LogCleaner)
[2023-06-12 10:53:01,223] INFO [kafka-log-cleaner-thread-0]: Shutdown completed (kafka.log.LogCleaner)
[2023-06-12 10:53:20,694] INFO Starting the log cleaner (kafka.log.LogCleaner)
[2023-06-12 10:53:20,740] INFO [kafka-log-cleaner-thread-0]: Starting (kafka.log.LogCleaner)
[2023-06-12 10:53:29,145] INFO Shutting down the log cleaner. (kafka.log.LogCleaner)
[2023-06-12 10:53:29,145] INFO [kafka-log-cleaner-thread-0]: Shutting down (kafka.log.LogCleaner)
[2023-06-12 10:53:29,145] INFO [kafka-log-cleaner-thread-0]: Stopped (kafka.log.LogCleaner)
[2023-06-12 10:53:29,145] INFO [kafka-log-cleaner-thread-0]: Shutdown completed (kafka.log.LogCleaner)
[2023-06-12 10:55:53,570] INFO Shutting down the log cleaner. (kafka.log.LogCleaner)
[2023-06-12 10:55:53,570] INFO [kafka-log-cleaner-thread-0]: Shutting down (kafka.log.LogCleaner)
[2023-06-12 10:55:53,571] INFO [kafka-log-cleaner-thread-0]: Stopped (kafka.log.LogCleaner)
[2023-06-12 10:55:53,571] INFO [kafka-log-cleaner-thread-0]: Shutdown completed (kafka.log.LogCleaner)
[2023-06-12 10:56:06,754] INFO Shutting down the log cleaner. (kafka.log.LogCleaner)
[2023-06-12 10:56:06,754] INFO [kafka-log-cleaner-thread-0]: Shutting down (kafka.log.LogCleaner)
[2023-06-12 10:56:06,755] INFO [kafka-log-cleaner-thread-0]: Stopped (kafka.log.LogCleaner)
[2023-06-12 10:56:06,755] INFO [kafka-log-cleaner-thread-0]: Shutdown completed (kafka.log.LogCleaner)
